kdeinit5: preparing to launch '/usr/lib/kf5/klauncher'
kdeinit5: Launched KLauncher, pid = 642, result = 0
kdeinit5: opened connection to :0
kdeinit5: Got SETENV 'GTK_RC_FILES=/etc/gtk/gtkrc:/home/xero/.gtkrc:/home/xero/.config/gtkrc' from launcher.
kdeinit5: Got SETENV 'GTK2_RC_FILES=/etc/gtk-2.0/gtkrc:/home/xero/.gtkrc-2.0:/home/xero/.config/gtkrc-2.0' from launcher.
kdeinit5: Got SETENV 'XCURSOR_SIZE=24' from launcher.
xsettingsd: Loaded 0 settings from /home/xero/.config/xsettingsd/xsettingsd.conf
xsettingsd: Created window 0xe00001 on screen 0 with timestamp 7178
xsettingsd: Selection _XSETTINGS_S0 is owned by 0x0
xsettingsd: Took ownership of selection _XSETTINGS_S0
xsettingsd: Reloading configuration
xsettingsd: Loaded 10 settings from /home/xero/.config/xsettingsd/xsettingsd.conf
xsettingsd: Reloading configuration
xsettingsd: Loaded 10 settings from /home/xero/.config/xsettingsd/xsettingsd.conf
xsettingsd: Reloading configuration
xsettingsd: Loaded 10 settings from /home/xero/.config/xsettingsd/xsettingsd.conf
xsettingsd: Reloading configuration
xsettingsd: Loaded 10 settings from /home/xero/.config/xsettingsd/xsettingsd.conf
xsettingsd: Reloading configuration
xsettingsd: Loaded 10 settings from /home/xero/.config/xsettingsd/xsettingsd.conf
xsettingsd: Reloading configuration
xsettingsd: Loaded 10 settings from /home/xero/.config/xsettingsd/xsettingsd.conf
xsettingsd: Reloading configuration
xsettingsd: Loaded 10 settings from /home/xero/.config/xsettingsd/xsettingsd.conf
xsettingsd: Reloading configuration
xsettingsd: Loaded 10 settings from /home/xero/.config/xsettingsd/xsettingsd.conf
xsettingsd: Reloading configuration
xsettingsd: Loaded 10 settings from /home/xero/.config/xsettingsd/xsettingsd.conf
kdeinit5: Got SETENV 'SESSION_MANAGER=local/base:@/tmp/.ICE-unix/681,unix/base:/tmp/.ICE-unix/681' from launcher.
kdeinit5: Got SETENV 'SESSION_MANAGER=local/base:@/tmp/.ICE-unix/681,unix/base:/tmp/.ICE-unix/681' from launcher.
WARNING: 2021-07-10 22:06:52,842: create_menu() 'Variety Slideshow is not installed. This is an optional extension adding pan-and-zoom slideshows to Variety: see https://github.com/peterlevi/variety-slideshow for details'
kdeinit5: Got EXEC_NEW '/usr/lib/qt/plugins/kf5/kio/desktop.so' from launcher.
kdeinit5: preparing to launch '/usr/lib/qt/plugins/kf5/kio/desktop.so'
kdeinit5: Got EXEC_NEW '/usr/lib/qt/plugins/kf5/kio/tags.so' from launcher.
kdeinit5: preparing to launch '/usr/lib/qt/plugins/kf5/kio/tags.so'
kdeinit5: Got EXEC_NEW '/usr/lib/qt/plugins/kf5/kio/file.so' from launcher.
kdeinit5: preparing to launch '/usr/lib/qt/plugins/kf5/kio/file.so'
kdeinit5: Got EXEC_NEW '/usr/lib/qt/plugins/kf5/kio/file.so' from launcher.
kdeinit5: preparing to launch '/usr/lib/qt/plugins/kf5/kio/file.so'
** Message: 22:07:22.768: updates_checker.vala:71: check updates
kdeinit5: Got EXEC_NEW '/usr/lib/qt/plugins/kf5/kio/file.so' from launcher.
kdeinit5: preparing to launch '/usr/lib/qt/plugins/kf5/kio/file.so'
** Message: 22:07:57.822: updates_checker.vala:101: 1 updates found
Gtk-Message: 22:08:37.866: Failed to load module "appmenu-gtk-module"

(pamac-manager:1491): Gdk-CRITICAL **: 22:08:38.198: gdk_window_set_cursor: assertion 'GDK_IS_WINDOW (window)' failed

(pamac-manager:1491): Gdk-CRITICAL **: 22:08:38.198: gdk_window_set_cursor: assertion 'GDK_IS_WINDOW (window)' failed
** Message: 22:09:04.159: updates_checker.vala:71: check updates
** Message: 22:09:04.599: updates_checker.vala:101: 1 updates found
** Message: 22:09:10.028: updates_checker.vala:71: check updates
** Message: 22:09:10.354: updates_checker.vala:101: 0 updates found
kdeinit5: Got EXEC_NEW '/usr/lib/qt/plugins/kf5/kio/http.so' from launcher.
kdeinit5: preparing to launch '/usr/lib/qt/plugins/kf5/kio/http.so'
kdeinit5: Got EXEC_NEW '/usr/lib/qt/plugins/kf5/kio/http.so' from launcher.
kdeinit5: preparing to launch '/usr/lib/qt/plugins/kf5/kio/http.so'
kdeinit5: Got EXEC_NEW '/usr/lib/qt/plugins/kf5/kio/http.so' from launcher.
kdeinit5: preparing to launch '/usr/lib/qt/plugins/kf5/kio/http.so'
kdeinit5: Got EXEC_NEW '/usr/lib/qt/plugins/kf5/kio/http.so' from launcher.
kdeinit5: preparing to launch '/usr/lib/qt/plugins/kf5/kio/http.so'
kdeinit5: Got EXEC_NEW '/usr/lib/qt/plugins/kf5/kio/http.so' from launcher.
kdeinit5: preparing to launch '/usr/lib/qt/plugins/kf5/kio/http.so'
kdeinit5: PID 1089 terminated.
kdeinit5: PID 1113 terminated.
kdeinit5: PID 1041 terminated.
kdeinit5: PID 1094 terminated.
kdeinit5: PID 2403 terminated.
kdeinit5: PID 2406 terminated.
kdeinit5: PID 2410 terminated.
kdeinit5: PID 2402 terminated.
kdeinit5: PID 2408 terminated.
kdeinit5: Got EXEC_NEW '/usr/lib/qt/plugins/kf5/kio/http.so' from launcher.
kdeinit5: preparing to launch '/usr/lib/qt/plugins/kf5/kio/http.so'
kdeinit5: Got EXEC_NEW '/usr/lib/qt/plugins/kf5/kio/http.so' from launcher.
kdeinit5: preparing to launch '/usr/lib/qt/plugins/kf5/kio/http.so'
kdeinit5: Got EXEC_NEW '/usr/lib/qt/plugins/kf5/kio/http.so' from launcher.
kdeinit5: preparing to launch '/usr/lib/qt/plugins/kf5/kio/http.so'
kdeinit5: Got EXEC_NEW '/usr/lib/qt/plugins/kf5/kio/http.so' from launcher.
kdeinit5: preparing to launch '/usr/lib/qt/plugins/kf5/kio/http.so'
kdeinit5: Got EXEC_NEW '/usr/lib/qt/plugins/kf5/kio/http.so' from launcher.
kdeinit5: preparing to launch '/usr/lib/qt/plugins/kf5/kio/http.so'
kdeinit5: PID 2573 terminated.
kdeinit5: PID 2575 terminated.
kdeinit5: PID 2577 terminated.
kdeinit5: PID 2569 terminated.
kdeinit5: PID 2571 terminated.
** Message: 22:13:37.590: updates_checker.vala:71: check updates
** Message: 22:13:37.937: updates_checker.vala:101: 0 updates found
kdeinit5: Got EXEC_NEW '/usr/lib/qt/plugins/kf5/kio/tags.so' from launcher.
kdeinit5: preparing to launch '/usr/lib/qt/plugins/kf5/kio/tags.so'
kdeinit5: Got EXEC_NEW '/usr/lib/qt/plugins/kf5/kio/tags.so' from launcher.
kdeinit5: preparing to launch '/usr/lib/qt/plugins/kf5/kio/tags.so'
kdeinit5: Got EXEC_NEW '/usr/lib/qt/plugins/kf5/kio/trash.so' from launcher.
kdeinit5: preparing to launch '/usr/lib/qt/plugins/kf5/kio/trash.so'
kdeinit5: Got EXEC_NEW '/usr/lib/qt/plugins/kf5/kio/file.so' from launcher.
kdeinit5: preparing to launch '/usr/lib/qt/plugins/kf5/kio/file.so'
kdeinit5: Got EXEC_NEW '/usr/lib/qt/plugins/kf5/kio/file.so' from launcher.
kdeinit5: preparing to launch '/usr/lib/qt/plugins/kf5/kio/file.so'
kdeinit5: Got EXEC_NEW '/usr/lib/qt/plugins/kf5/kio/thumbnail.so' from launcher.
kdeinit5: preparing to launch '/usr/lib/qt/plugins/kf5/kio/thumbnail.so'
kdeinit5: Got EXEC_NEW '/usr/lib/qt/plugins/kf5/kio/file.so' from launcher.
kdeinit5: preparing to launch '/usr/lib/qt/plugins/kf5/kio/file.so'
kdeinit5: Got EXEC_NEW '/usr/lib/qt/plugins/kf5/kio/file.so' from launcher.
kdeinit5: preparing to launch '/usr/lib/qt/plugins/kf5/kio/file.so'
kdeinit5: Got EXEC_NEW '/usr/lib/qt/plugins/kf5/kio/thumbnail.so' from launcher.
kdeinit5: preparing to launch '/usr/lib/qt/plugins/kf5/kio/thumbnail.so'
kdeinit5: Got EXEC_NEW '/usr/lib/qt/plugins/kf5/kio/tags.so' from launcher.
kdeinit5: preparing to launch '/usr/lib/qt/plugins/kf5/kio/tags.so'
kdeinit5: Got EXEC_NEW '/usr/lib/qt/plugins/kf5/kio/file.so' from launcher.
kdeinit5: preparing to launch '/usr/lib/qt/plugins/kf5/kio/file.so'
libpng error: Read Error
kdeinit5: Got EXEC_NEW '/usr/lib/qt/plugins/kf5/kio/file.so' from launcher.
kdeinit5: preparing to launch '/usr/lib/qt/plugins/kf5/kio/file.so'
kdeinit5: PID 3138 terminated.
kdeinit5: PID 3136 terminated.
kdeinit5: PID 3137 terminated.
kdeinit5: PID 3014 terminated.
kdeinit5: PID 2978 terminated.
kdeinit5: PID 2980 terminated.
kdeinit5: PID 2983 terminated.
kdeinit5: PID 2979 terminated.
kdeinit5: PID 2984 terminated.
xsettingsd: Reloading configuration
xsettingsd: Loaded 10 settings from /home/xero/.config/xsettingsd/xsettingsd.conf
kdeinit5: Got SETENV 'XCURSOR_THEME=Sweet-cursors' from launcher.
kdeinit5: Got SETENV 'GTK_RC_FILES=/etc/gtk/gtkrc:/home/xero/.gtkrc:/home/xero/.config/gtkrc' from launcher.
kdeinit5: Got SETENV 'GTK2_RC_FILES=/etc/gtk-2.0/gtkrc:/home/xero/.gtkrc-2.0:/home/xero/.config/gtkrc-2.0' from launcher.

(pamac-tray:774): Gtk-CRITICAL **: 22:15:55.882: gtk_style_context_remove_provider_for_screen: assertion 'GTK_IS_STYLE_PROVIDER (provider)' failed
kdeinit5: Got SETENV 'GTK_RC_FILES=/etc/gtk/gtkrc:/home/xero/.gtkrc:/home/xero/.config/gtkrc' from launcher.
kdeinit5: Got SETENV 'GTK2_RC_FILES=/etc/gtk-2.0/gtkrc:/home/xero/.gtkrc-2.0:/home/xero/.config/gtkrc-2.0' from launcher.
kdeinit5: Got SETENV 'GTK_RC_FILES=/etc/gtk/gtkrc:/home/xero/.gtkrc:/home/xero/.config/gtkrc' from launcher.
kdeinit5: Got SETENV 'GTK2_RC_FILES=/etc/gtk-2.0/gtkrc:/home/xero/.gtkrc-2.0:/home/xero/.config/gtkrc-2.0' from launcher.
xsettingsd: Reloading configuration
xsettingsd: Loaded 11 settings from /home/xero/.config/xsettingsd/xsettingsd.conf
kdeinit5: Got SETENV 'GTK_RC_FILES=/etc/gtk/gtkrc:/home/xero/.gtkrc:/home/xero/.config/gtkrc' from launcher.
kdeinit5: Got SETENV 'GTK2_RC_FILES=/etc/gtk-2.0/gtkrc:/home/xero/.gtkrc-2.0:/home/xero/.config/gtkrc-2.0' from launcher.

(pamac-tray:774): Gtk-CRITICAL **: 22:16:09.248: gtk_style_context_remove_provider_for_screen: assertion 'GTK_IS_STYLE_PROVIDER (provider)' failed
xsettingsd: Reloading configuration
xsettingsd: Loaded 11 settings from /home/xero/.config/xsettingsd/xsettingsd.conf
kdeinit5: Got SETENV 'GTK_RC_FILES=/etc/gtk/gtkrc:/home/xero/.gtkrc:/home/xero/.config/gtkrc' from launcher.
kdeinit5: Got SETENV 'GTK2_RC_FILES=/etc/gtk-2.0/gtkrc:/home/xero/.gtkrc-2.0:/home/xero/.config/gtkrc-2.0' from launcher.
kdeinit5: Got SETENV 'GTK_RC_FILES=/etc/gtk/gtkrc:/home/xero/.gtkrc:/home/xero/.config/gtkrc' from launcher.
kdeinit5: Got SETENV 'GTK2_RC_FILES=/etc/gtk-2.0/gtkrc:/home/xero/.gtkrc-2.0:/home/xero/.config/gtkrc-2.0' from launcher.
kdeinit5: PID 3009 terminated.
KCrash: crashing... crashRecursionCounter = 2
KCrash: Application Name = systemsettings5 path = /usr/bin pid = 3250
KCrash: Arguments: /usr/bin/systemsettings5 
KCrash: Attempting to start /usr/lib/drkonqi
kdeinit5: PID 3075 terminated.
kdeinit5: PID 2966 terminated.
kdeinit5: Got EXEC_NEW '/usr/lib/qt/plugins/kf5/kio/file.so' from launcher.
kdeinit5: preparing to launch '/usr/lib/qt/plugins/kf5/kio/file.so'
pa_write() failed while trying to wake up the mainloop: Bad file descriptor
pa_write() failed while trying to wake up the mainloop: Bad file descriptor
pa_write() failed while trying to wake up the mainloop: Bad file descriptor
pa_write() failed while trying to wake up the mainloop: Bad file descriptor
pa_write() failed while trying to wake up the mainloop: Bad file descriptor
Assertion 'pa_close(m->fd) == 0' failed at ../pulseaudio/src/pulsecore/shm.c:288, function pa_shm_free(). Aborting.
Unable to start Dr. Konqi
Re-raising signal for core dump handling.
kdeinit5: Got EXEC_NEW '/usr/lib/qt/plugins/kf5/kio/tags.so' from launcher.
kdeinit5: preparing to launch '/usr/lib/qt/plugins/kf5/kio/tags.so'
libpng error: Read Error
kdeinit5: Got EXEC_NEW '/usr/lib/qt/plugins/kf5/kio/thumbnail.so' from launcher.
kdeinit5: preparing to launch '/usr/lib/qt/plugins/kf5/kio/thumbnail.so'
kdeinit5: Got EXEC_NEW '/usr/lib/qt/plugins/kf5/kio/desktop.so' from launcher.
kdeinit5: preparing to launch '/usr/lib/qt/plugins/kf5/kio/desktop.so'
kdeinit5: Got EXEC_NEW '/usr/lib/qt/plugins/kf5/kio/file.so' from launcher.
kdeinit5: preparing to launch '/usr/lib/qt/plugins/kf5/kio/file.so'
kdeinit5: Got EXEC_NEW '/usr/lib/qt/plugins/kf5/kio/http.so' from launcher.
kdeinit5: preparing to launch '/usr/lib/qt/plugins/kf5/kio/http.so'
kdeinit5: Got EXEC_NEW '/usr/lib/qt/plugins/kf5/kio/http.so' from launcher.
kdeinit5: preparing to launch '/usr/lib/qt/plugins/kf5/kio/http.so'
kdeinit5: Got EXEC_NEW '/usr/lib/qt/plugins/kf5/kio/http.so' from launcher.
kdeinit5: preparing to launch '/usr/lib/qt/plugins/kf5/kio/http.so'
kdeinit5: Got EXEC_NEW '/usr/lib/qt/plugins/kf5/kio/http.so' from launcher.
kdeinit5: preparing to launch '/usr/lib/qt/plugins/kf5/kio/http.so'
kdeinit5: Got EXEC_NEW '/usr/lib/qt/plugins/kf5/kio/http.so' from launcher.
kdeinit5: preparing to launch '/usr/lib/qt/plugins/kf5/kio/http.so'
kdeinit5: Got EXEC_NEW '/usr/lib/qt/plugins/kf5/kio/tags.so' from launcher.
kdeinit5: preparing to launch '/usr/lib/qt/plugins/kf5/kio/tags.so'
kdeinit5: PID 3484 terminated.
kdeinit5: PID 3489 terminated.
kdeinit5: PID 3492 terminated.
kdeinit5: PID 3485 terminated.
kdeinit5: PID 3488 terminated.
kdeinit5: PID 3435 terminated.
kdeinit5: PID 3414 terminated.
kdeinit5: PID 3443 terminated.
kdeinit5: Got EXEC_NEW '/usr/lib/qt/plugins/kf5/kio/tags.so' from launcher.
kdeinit5: preparing to launch '/usr/lib/qt/plugins/kf5/kio/tags.so'
kdeinit5: Got EXEC_NEW '/usr/lib/qt/plugins/kf5/kio/trash.so' from launcher.
kdeinit5: preparing to launch '/usr/lib/qt/plugins/kf5/kio/trash.so'
kdeinit5: Got EXEC_NEW '/usr/lib/qt/plugins/kf5/kio/file.so' from launcher.
kdeinit5: preparing to launch '/usr/lib/qt/plugins/kf5/kio/file.so'
kdeinit5: Got EXEC_NEW '/usr/lib/qt/plugins/kf5/kio/file.so' from launcher.
kdeinit5: preparing to launch '/usr/lib/qt/plugins/kf5/kio/file.so'
kdeinit5: Got EXEC_NEW '/usr/lib/qt/plugins/kf5/kio/file.so' from launcher.
kdeinit5: preparing to launch '/usr/lib/qt/plugins/kf5/kio/file.so'
kdeinit5: Got EXEC_NEW '/usr/lib/qt/plugins/kf5/kio/file.so' from launcher.
kdeinit5: preparing to launch '/usr/lib/qt/plugins/kf5/kio/file.so'
kdeinit5: Got EXEC_NEW '/usr/lib/qt/plugins/kf5/kio/thumbnail.so' from launcher.
kdeinit5: preparing to launch '/usr/lib/qt/plugins/kf5/kio/thumbnail.so'
kdeinit5: PID 3619 terminated.
kdeinit5: Got EXEC_NEW '/usr/lib/qt/plugins/kf5/kio/thumbnail.so' from launcher.
kdeinit5: preparing to launch '/usr/lib/qt/plugins/kf5/kio/thumbnail.so'
kdeinit5: PID 3647 terminated.
kdeinit5: Got EXEC_NEW '/usr/lib/qt/plugins/kf5/kio/thumbnail.so' from launcher.
kdeinit5: preparing to launch '/usr/lib/qt/plugins/kf5/kio/thumbnail.so'
kdeinit5: PID 3651 terminated.
kdeinit5: Got EXEC_NEW '/usr/lib/qt/plugins/kf5/kio/thumbnail.so' from launcher.
kdeinit5: preparing to launch '/usr/lib/qt/plugins/kf5/kio/thumbnail.so'
kdeinit5: PID 3654 terminated.
kdeinit5: Got EXEC_NEW '/usr/lib/qt/plugins/kf5/kio/thumbnail.so' from launcher.
kdeinit5: preparing to launch '/usr/lib/qt/plugins/kf5/kio/thumbnail.so'
kdeinit5: PID 3479 terminated.
kdeinit5: PID 3481 terminated.
kdeinit5: PID 3518 terminated.
kdeinit5: Got EXEC_NEW '/usr/lib/qt/plugins/kf5/kio/file.so' from launcher.
kdeinit5: preparing to launch '/usr/lib/qt/plugins/kf5/kio/file.so'
kdeinit5: Got EXEC_NEW '/usr/lib/qt/plugins/kf5/kio/file.so' from launcher.
kdeinit5: preparing to launch '/usr/lib/qt/plugins/kf5/kio/file.so'
kdeinit5: Got EXEC_NEW '/usr/lib/qt/plugins/kf5/kio/file.so' from launcher.
kdeinit5: preparing to launch '/usr/lib/qt/plugins/kf5/kio/file.so'
kdeinit5: Got EXEC_NEW '/usr/lib/qt/plugins/kf5/kio/file.so' from launcher.
kdeinit5: preparing to launch '/usr/lib/qt/plugins/kf5/kio/file.so'
kdeinit5: Got EXEC_NEW '/usr/lib/qt/plugins/kf5/kio/file.so' from launcher.
kdeinit5: preparing to launch '/usr/lib/qt/plugins/kf5/kio/file.so'
kdeinit5: Got EXEC_NEW '/usr/lib/qt/plugins/kf5/kio/thumbnail.so' from launcher.
kdeinit5: preparing to launch '/usr/lib/qt/plugins/kf5/kio/thumbnail.so'
kdeinit5: Got EXEC_NEW '/usr/lib/qt/plugins/kf5/kio/file.so' from launcher.
kdeinit5: preparing to launch '/usr/lib/qt/plugins/kf5/kio/file.so'
kdeinit5: Got EXEC_NEW '/usr/lib/qt/plugins/kf5/kio/thumbnail.so' from launcher.
kdeinit5: preparing to launch '/usr/lib/qt/plugins/kf5/kio/thumbnail.so'
kdeinit5: PID 3658 terminated.
kdeinit5: PID 3763 terminated.
kdeinit5: Got EXEC_NEW '/usr/lib/qt/plugins/kf5/kio/thumbnail.so' from launcher.
kdeinit5: preparing to launch '/usr/lib/qt/plugins/kf5/kio/thumbnail.so'
kdeinit5: Got EXEC_NEW '/usr/lib/qt/plugins/kf5/kio/tags.so' from launcher.
kdeinit5: preparing to launch '/usr/lib/qt/plugins/kf5/kio/tags.so'
